
2017-02-09 12:52:41 - PHP Warning:  Illegal string offset 'thumb' in /home/sayyesph/sayyesphoto.com/www/catalog/view/theme/photodays/template/product/photodays/photodays_product.tpl on line 50
2017-02-09 12:52:41 - PHP Warning:  Illegal string offset 'name' in /home/sayyesph/sayyesphoto.com/www/catalog/view/theme/photodays/template/product/photodays/photodays_product.tpl on line 50
2017-02-09 12:52:41 - PHP Warning:  Illegal string offset 'description' in /home/sayyesph/sayyesphoto.com/www/catalog/view/theme/photodays/template/product/photodays/photodays_product.tpl on line 50
2017-02-09 15:13:00 - PHP Notice:  Undefined index: category_id in /home/sayyesph/sayyesphoto.com/www/vqmod/vqcache/vq2-catalog_controller_product_product.php on line 44
2017-02-09 15:13:02 - PHP Notice:  Undefined index: category_id in /home/sayyesph/sayyesphoto.com/www/vqmod/vqcache/vq2-catalog_controller_product_product.php on line 44
2017-02-09 15:13:03 - PHP Notice:  Undefined index: category_id in /home/sayyesph/sayyesphoto.com/www/vqmod/vqcache/vq2-catalog_controller_product_product.php on line 44
2017-02-09 16:06:56 - PHP Notice:  Undefined index: tax in /home/sayyesph/sayyesphoto.com/www/catalog/view/theme/photodays/template/product/category.tpl on line 114
2017-02-09 16:06:56 - PHP Notice:  Undefined index: rating in /home/sayyesph/sayyesphoto.com/www/catalog/view/theme/photodays/template/product/category.tpl on line 119
2017-02-09 16:06:56 - PHP Notice:  Undefined index: tax in /home/sayyesph/sayyesphoto.com/www/catalog/view/theme/photodays/template/product/category.tpl on line 114
2017-02-09 16:06:56 - PHP Notice:  Undefined index: rating in /home/sayyesph/sayyesphoto.com/www/catalog/view/theme/photodays/template/product/category.tpl on line 119
2017-02-09 16:06:56 - PHP Notice:  Undefined index: tax in /home/sayyesph/sayyesphoto.com/www/catalog/view/theme/photodays/template/product/category.tpl on line 114
2017-02-09 16:06:56 - PHP Notice:  Undefined index: rating in /home/sayyesph/sayyesphoto.com/www/catalog/view/theme/photodays/template/product/category.tpl on line 119
2017-02-09 16:06:56 - PHP Notice:  Undefined index: tax in /home/sayyesph/sayyesphoto.com/www/catalog/view/theme/photodays/template/product/category.tpl on line 114
2017-02-09 16:06:56 - PHP Notice:  Undefined index: rating in /home/sayyesph/sayyesphoto.com/www/catalog/view/theme/photodays/template/product/category.tpl on line 119
2017-02-09 16:06:56 - PHP Notice:  Undefined index: tax in /home/sayyesph/sayyesphoto.com/www/catalog/view/theme/photodays/template/product/category.tpl on line 114
2017-02-09 16:06:56 - PHP Notice:  Undefined index: rating in /home/sayyesph/sayyesphoto.com/www/catalog/view/theme/photodays/template/product/category.tpl on line 119
2017-02-09 16:06:56 - PHP Notice:  Undefined index: tax in /home/sayyesph/sayyesphoto.com/www/catalog/view/theme/photodays/template/product/category.tpl on line 114
2017-02-09 16:06:56 - PHP Notice:  Undefined index: rating in /home/sayyesph/sayyesphoto.com/www/catalog/view/theme/photodays/template/product/category.tpl on line 119
2017-02-09 16:06:56 - PHP Notice:  Undefined index: tax in /home/sayyesph/sayyesphoto.com/www/catalog/view/theme/photodays/template/product/category.tpl on line 114
2017-02-09 16:06:56 - PHP Notice:  Undefined index: rating in /home/sayyesph/sayyesphoto.com/www/catalog/view/theme/photodays/template/product/category.tpl on line 119
2017-02-09 16:06:56 - PHP Notice:  Undefined index: tax in /home/sayyesph/sayyesphoto.com/www/catalog/view/theme/photodays/template/product/category.tpl on line 114
2017-02-09 16:06:56 - PHP Notice:  Undefined index: rating in /home/sayyesph/sayyesphoto.com/www/catalog/view/theme/photodays/template/product/category.tpl on line 119
2017-02-09 16:06:56 - PHP Notice:  Undefined index: tax in /home/sayyesph/sayyesphoto.com/www/catalog/view/theme/photodays/template/product/category.tpl on line 114
2017-02-09 16:06:56 - PHP Notice:  Undefined index: rating in /home/sayyesph/sayyesphoto.com/www/catalog/view/theme/photodays/template/product/category.tpl on line 119
2017-02-09 17:10:22 - PHP Notice:  Undefined index: category_id in /home/sayyesph/sayyesphoto.com/www/vqmod/vqcache/vq2-catalog_controller_product_product.php on line 44
2017-02-09 17:10:22 - PHP Notice:  Undefined index: category_id in /home/sayyesph/sayyesphoto.com/www/vqmod/vqcache/vq2-catalog_controller_product_product.php on line 44
2017-02-09 17:10:22 - PHP Notice:  Undefined index: category_id in /home/sayyesph/sayyesphoto.com/www/vqmod/vqcache/vq2-catalog_controller_product_product.php on line 44
2017-02-09 17:10:24 - PHP Notice:  Undefined index: category_id in /home/sayyesph/sayyesphoto.com/www/vqmod/vqcache/vq2-catalog_controller_product_product.php on line 44
2017-02-09 17:10:30 - PHP Notice:  Undefined index: category_id in /home/sayyesph/sayyesphoto.com/www/vqmod/vqcache/vq2-catalog_controller_product_product.php on line 44
2017-02-09 17:10:58 - PHP Notice:  Undefined index: category_id in /home/sayyesph/sayyesphoto.com/www/vqmod/vqcache/vq2-catalog_controller_product_product.php on line 44
2017-02-09 17:10:58 - PHP Notice:  Undefined index: category_id in /home/sayyesph/sayyesphoto.com/www/vqmod/vqcache/vq2-catalog_controller_product_product.php on line 44
2017-02-09 17:10:59 - PHP Notice:  Undefined index: category_id in /home/sayyesph/sayyesphoto.com/www/vqmod/vqcache/vq2-catalog_controller_product_product.php on line 44
2017-02-09 17:11:05 - PHP Notice:  Undefined index: category_id in /home/sayyesph/sayyesphoto.com/www/vqmod/vqcache/vq2-catalog_controller_product_product.php on line 44
2017-02-09 17:11:06 - PHP Notice:  Undefined index: category_id in /home/sayyesph/sayyesphoto.com/www/vqmod/vqcache/vq2-catalog_controller_product_product.php on line 44
2017-02-09 17:11:11 - PHP Notice:  Undefined index: category_id in /home/sayyesph/sayyesphoto.com/www/vqmod/vqcache/vq2-catalog_controller_product_product.php on line 44
2017-02-09 17:11:12 - PHP Notice:  Undefined index: category_id in /home/sayyesph/sayyesphoto.com/www/vqmod/vqcache/vq2-catalog_controller_product_product.php on line 44
2017-02-09 17:11:12 - PHP Notice:  Undefined index: category_id in /home/sayyesph/sayyesphoto.com/www/vqmod/vqcache/vq2-catalog_controller_product_product.php on line 44
2017-02-09 17:43:51 - PHP Warning:  Illegal string offset 'thumb' in /home/sayyesph/sayyesphoto.com/www/catalog/view/theme/photodays/template/product/photodays/photodays_product.tpl on line 50
2017-02-09 17:43:51 - PHP Warning:  Illegal string offset 'name' in /home/sayyesph/sayyesphoto.com/www/catalog/view/theme/photodays/template/product/photodays/photodays_product.tpl on line 50
2017-02-09 17:43:51 - PHP Warning:  Illegal string offset 'description' in /home/sayyesph/sayyesphoto.com/www/catalog/view/theme/photodays/template/product/photodays/photodays_product.tpl on line 50
2017-02-09 17:48:43 - PHP Notice:  Undefined index: ncategory_id in /home/sayyesph/sayyesphoto.com/www/catalog/model/catalog/news.php on line 20
2017-02-09 17:56:44 - PHP Notice:  Undefined index: category_id in /home/sayyesph/sayyesphoto.com/www/vqmod/vqcache/vq2-catalog_controller_product_product.php on line 44
2017-02-09 17:56:47 - PHP Notice:  Undefined index: category_id in /home/sayyesph/sayyesphoto.com/www/vqmod/vqcache/vq2-catalog_controller_product_product.php on line 44
2017-02-09 17:56:49 - PHP Notice:  Undefined index: category_id in /home/sayyesph/sayyesphoto.com/www/vqmod/vqcache/vq2-catalog_controller_product_product.php on line 44
2017-02-09 17:56:51 - PHP Notice:  Undefined index: category_id in /home/sayyesph/sayyesphoto.com/www/vqmod/vqcache/vq2-catalog_controller_product_product.php on line 44
2017-02-09 17:56:53 - PHP Notice:  Undefined index: category_id in /home/sayyesph/sayyesphoto.com/www/vqmod/vqcache/vq2-catalog_controller_product_product.php on line 44
2017-02-09 19:25:27 - PHP Notice:  Undefined index: category_id in /home/sayyesph/sayyesphoto.com/www/vqmod/vqcache/vq2-catalog_controller_product_product.php on line 44
2017-02-09 19:25:28 - PHP Notice:  Undefined index: category_id in /home/sayyesph/sayyesphoto.com/www/vqmod/vqcache/vq2-catalog_controller_product_product.php on line 44
2017-02-09 19:57:55 - PHP Warning:  Illegal string offset 'thumb' in /home/sayyesph/sayyesphoto.com/www/catalog/view/theme/photodays/template/product/photodays/photodays_product.tpl on line 50
2017-02-09 19:57:55 - PHP Warning:  Illegal string offset 'name' in /home/sayyesph/sayyesphoto.com/www/catalog/view/theme/photodays/template/product/photodays/photodays_product.tpl on line 50
2017-02-09 19:57:55 - PHP Warning:  Illegal string offset 'description' in /home/sayyesph/sayyesphoto.com/www/catalog/view/theme/photodays/template/product/photodays/photodays_product.tpl on line 50
2017-02-09 19:58:33 - PHP Warning:  Illegal string offset 'thumb' in /home/sayyesph/sayyesphoto.com/www/catalog/view/theme/photodays/template/product/photodays/photodays_product.tpl on line 50
2017-02-09 19:58:33 - PHP Warning:  Illegal string offset 'name' in /home/sayyesph/sayyesphoto.com/www/catalog/view/theme/photodays/template/product/photodays/photodays_product.tpl on line 50
2017-02-09 19:58:33 - PHP Warning:  Illegal string offset 'description' in /home/sayyesph/sayyesphoto.com/www/catalog/view/theme/photodays/template/product/photodays/photodays_product.tpl on line 50
2017-02-09 19:58:44 - PHP Warning:  Illegal string offset 'thumb' in /home/sayyesph/sayyesphoto.com/www/catalog/view/theme/photodays/template/product/photodays/photodays_product.tpl on line 50
2017-02-09 19:58:44 - PHP Warning:  Illegal string offset 'name' in /home/sayyesph/sayyesphoto.com/www/catalog/view/theme/photodays/template/product/photodays/photodays_product.tpl on line 50
2017-02-09 19:58:44 - PHP Warning:  Illegal string offset 'description' in /home/sayyesph/sayyesphoto.com/www/catalog/view/theme/photodays/template/product/photodays/photodays_product.tpl on line 50
2017-02-09 20:13:40 - PHP Warning:  Illegal string offset 'thumb' in /home/sayyesph/sayyesphoto.com/www/catalog/view/theme/photodays/template/product/photodays/photodays_product.tpl on line 50
2017-02-09 20:13:40 - PHP Warning:  Illegal string offset 'name' in /home/sayyesph/sayyesphoto.com/www/catalog/view/theme/photodays/template/product/photodays/photodays_product.tpl on line 50
2017-02-09 20:13:40 - PHP Warning:  Illegal string offset 'description' in /home/sayyesph/sayyesphoto.com/www/catalog/view/theme/photodays/template/product/photodays/photodays_product.tpl on line 50
2017-02-09 20:14:07 - PHP Notice:  Undefined index: tag in /home/sayyesph/sayyesphoto.com/www/admin/view/template/catalog/photodays/product_form.tpl on line 94
2017-02-09 20:14:13 - PHP Notice:  Undefined index: tag in /home/sayyesph/sayyesphoto.com/www/admin/view/template/catalog/photodays/product_form.tpl on line 94
2017-02-09 20:14:24 - PHP Warning:  Illegal string offset 'thumb' in /home/sayyesph/sayyesphoto.com/www/catalog/view/theme/photodays/template/product/photodays/photodays_product.tpl on line 50
2017-02-09 20:14:24 - PHP Warning:  Illegal string offset 'name' in /home/sayyesph/sayyesphoto.com/www/catalog/view/theme/photodays/template/product/photodays/photodays_product.tpl on line 50
2017-02-09 20:14:24 - PHP Warning:  Illegal string offset 'description' in /home/sayyesph/sayyesphoto.com/www/catalog/view/theme/photodays/template/product/photodays/photodays_product.tpl on line 50
2017-02-09 20:15:12 - PHP Notice:  Undefined index: category_id in /home/sayyesph/sayyesphoto.com/www/vqmod/vqcache/vq2-catalog_controller_product_product.php on line 44
2017-02-09 20:15:13 - PHP Notice:  Undefined index: category_id in /home/sayyesph/sayyesphoto.com/www/vqmod/vqcache/vq2-catalog_controller_product_product.php on line 44
2017-02-09 21:25:21 - PHP Warning:  Illegal string offset 'thumb' in /home/sayyesph/sayyesphoto.com/www/catalog/view/theme/photodays/template/product/photodays/photodays_product.tpl on line 50
2017-02-09 21:25:21 - PHP Warning:  Illegal string offset 'name' in /home/sayyesph/sayyesphoto.com/www/catalog/view/theme/photodays/template/product/photodays/photodays_product.tpl on line 50
2017-02-09 21:25:21 - PHP Warning:  Illegal string offset 'description' in /home/sayyesph/sayyesphoto.com/www/catalog/view/theme/photodays/template/product/photodays/photodays_product.tpl on line 50
2017-02-09 21:39:01 - PHP Warning:  Illegal string offset 'thumb' in /home/sayyesph/sayyesphoto.com/www/catalog/view/theme/photodays/template/product/photodays/photodays_product.tpl on line 50
2017-02-09 21:39:01 - PHP Warning:  Illegal string offset 'name' in /home/sayyesph/sayyesphoto.com/www/catalog/view/theme/photodays/template/product/photodays/photodays_product.tpl on line 50
2017-02-09 21:39:01 - PHP Warning:  Illegal string offset 'description' in /home/sayyesph/sayyesphoto.com/www/catalog/view/theme/photodays/template/product/photodays/photodays_product.tpl on line 50
2017-02-09 22:24:32 - PHP Warning:  Illegal string offset 'thumb' in /home/sayyesph/sayyesphoto.com/www/catalog/view/theme/photodays/template/product/photodays/photodays_product.tpl on line 50
2017-02-09 22:24:32 - PHP Warning:  Illegal string offset 'name' in /home/sayyesph/sayyesphoto.com/www/catalog/view/theme/photodays/template/product/photodays/photodays_product.tpl on line 50
2017-02-09 22:24:32 - PHP Warning:  Illegal string offset 'description' in /home/sayyesph/sayyesphoto.com/www/catalog/view/theme/photodays/template/product/photodays/photodays_product.tpl on line 50
2017-02-09 23:00:00 - PHP Notice:  Undefined index: category_id in /home/sayyesph/sayyesphoto.com/www/vqmod/vqcache/vq2-catalog_controller_product_product.php on line 44
2017-02-09 23:00:01 - PHP Notice:  Undefined index: category_id in /home/sayyesph/sayyesphoto.com/www/vqmod/vqcache/vq2-catalog_controller_product_product.php on line 44
2017-02-09 23:04:05 - PHP Warning:  Illegal string offset 'thumb' in /home/sayyesph/sayyesphoto.com/www/catalog/view/theme/photodays/template/product/photodays/photodays_product.tpl on line 50
2017-02-09 23:04:05 - PHP Warning:  Illegal string offset 'name' in /home/sayyesph/sayyesphoto.com/www/catalog/view/theme/photodays/template/product/photodays/photodays_product.tpl on line 50
2017-02-09 23:04:05 - PHP Warning:  Illegal string offset 'description' in /home/sayyesph/sayyesphoto.com/www/catalog/view/theme/photodays/template/product/photodays/photodays_product.tpl on line 50
2017-02-09 23:05:35 - PHP Warning:  Illegal string offset 'thumb' in /home/sayyesph/sayyesphoto.com/www/catalog/view/theme/photodays/template/product/photodays/photodays_product.tpl on line 50
2017-02-09 23:05:35 - PHP Warning:  Illegal string offset 'name' in /home/sayyesph/sayyesphoto.com/www/catalog/view/theme/photodays/template/product/photodays/photodays_product.tpl on line 50
2017-02-09 23:05:35 - PHP Warning:  Illegal string offset 'description' in /home/sayyesph/sayyesphoto.com/www/catalog/view/theme/photodays/template/product/photodays/photodays_product.tpl on line 50
2017-02-09 23:57:03 - PHP Warning:  Illegal string offset 'thumb' in /home/sayyesph/sayyesphoto.com/www/catalog/view/theme/photodays/template/product/photodays/photodays_product.tpl on line 50
2017-02-09 23:57:03 - PHP Warning:  Illegal string offset 'name' in /home/sayyesph/sayyesphoto.com/www/catalog/view/theme/photodays/template/product/photodays/photodays_product.tpl on line 50
2017-02-09 23:57:03 - PHP Warning:  Illegal string offset 'description' in /home/sayyesph/sayyesphoto.com/www/catalog/view/theme/photodays/template/product/photodays/photodays_product.tpl on line 50
2017-02-10 0:58:10 - PHP Warning:  Illegal string offset 'thumb' in /home/sayyesph/sayyesphoto.com/www/catalog/view/theme/photodays/template/product/photodays/photodays_product.tpl on line 50
2017-02-10 0:58:10 - PHP Warning:  Illegal string offset 'name' in /home/sayyesph/sayyesphoto.com/www/catalog/view/theme/photodays/template/product/photodays/photodays_product.tpl on line 50
2017-02-10 0:58:10 - PHP Warning:  Illegal string offset 'description' in /home/sayyesph/sayyesphoto.com/www/catalog/view/theme/photodays/template/product/photodays/photodays_product.tpl on line 50
2017-02-10 1:56:31 - PHP Warning:  Illegal string offset 'thumb' in /home/sayyesph/sayyesphoto.com/www/catalog/view/theme/photodays/template/product/photodays/photodays_product.tpl on line 50
2017-02-10 1:56:31 - PHP Warning:  Illegal string offset 'name' in /home/sayyesph/sayyesphoto.com/www/catalog/view/theme/photodays/template/product/photodays/photodays_product.tpl on line 50
2017-02-10 1:56:31 - PHP Warning:  Illegal string offset 'description' in /home/sayyesph/sayyesphoto.com/www/catalog/view/theme/photodays/template/product/photodays/photodays_product.tpl on line 50
2017-02-10 2:35:15 - PHP Warning:  Illegal string offset 'thumb' in /home/sayyesph/sayyesphoto.com/www/catalog/view/theme/photodays/template/product/photodays/photodays_product.tpl on line 50
2017-02-10 2:35:15 - PHP Warning:  Illegal string offset 'name' in /home/sayyesph/sayyesphoto.com/www/catalog/view/theme/photodays/template/product/photodays/photodays_product.tpl on line 50
2017-02-10 2:35:15 - PHP Warning:  Illegal string offset 'description' in /home/sayyesph/sayyesphoto.com/www/catalog/view/theme/photodays/template/product/photodays/photodays_product.tpl on line 50
2017-02-10 2:48:35 - PHP Warning:  Illegal string offset 'thumb' in /home/sayyesph/sayyesphoto.com/www/catalog/view/theme/photodays/template/product/photodays/photodays_product.tpl on line 50
2017-02-10 2:48:35 - PHP Warning:  Illegal string offset 'name' in /home/sayyesph/sayyesphoto.com/www/catalog/view/theme/photodays/template/product/photodays/photodays_product.tpl on line 50
2017-02-10 2:48:35 - PHP Warning:  Illegal string offset 'description' in /home/sayyesph/sayyesphoto.com/www/catalog/view/theme/photodays/template/product/photodays/photodays_product.tpl on line 50
2017-02-10 3:12:42 - PHP Warning:  Illegal string offset 'thumb' in /home/sayyesph/sayyesphoto.com/www/catalog/view/theme/photodays/template/product/photodays/photodays_product.tpl on line 50
2017-02-10 3:12:42 - PHP Warning:  Illegal string offset 'name' in /home/sayyesph/sayyesphoto.com/www/catalog/view/theme/photodays/template/product/photodays/photodays_product.tpl on line 50
2017-02-10 3:12:42 - PHP Warning:  Illegal string offset 'description' in /home/sayyesph/sayyesphoto.com/www/catalog/view/theme/photodays/template/product/photodays/photodays_product.tpl on line 50
2017-02-10 4:00:49 - PHP Notice:  Undefined index: tax in /home/sayyesph/sayyesphoto.com/www/catalog/view/theme/photodays/template/product/category.tpl on line 114
2017-02-10 4:00:49 - PHP Notice:  Undefined index: rating in /home/sayyesph/sayyesphoto.com/www/catalog/view/theme/photodays/template/product/category.tpl on line 119
2017-02-10 4:00:49 - PHP Notice:  Undefined index: tax in /home/sayyesph/sayyesphoto.com/www/catalog/view/theme/photodays/template/product/category.tpl on line 114
2017-02-10 4:00:49 - PHP Notice:  Undefined index: rating in /home/sayyesph/sayyesphoto.com/www/catalog/view/theme/photodays/template/product/category.tpl on line 119
2017-02-10 4:00:49 - PHP Notice:  Undefined index: tax in /home/sayyesph/sayyesphoto.com/www/catalog/view/theme/photodays/template/product/category.tpl on line 114
2017-02-10 4:00:49 - PHP Notice:  Undefined index: rating in /home/sayyesph/sayyesphoto.com/www/catalog/view/theme/photodays/template/product/category.tpl on line 119
2017-02-10 4:00:49 - PHP Notice:  Undefined index: tax in /home/sayyesph/sayyesphoto.com/www/catalog/view/theme/photodays/template/product/category.tpl on line 114
2017-02-10 4:00:49 - PHP Notice:  Undefined index: rating in /home/sayyesph/sayyesphoto.com/www/catalog/view/theme/photodays/template/product/category.tpl on line 119
2017-02-10 4:00:49 - PHP Notice:  Undefined index: tax in /home/sayyesph/sayyesphoto.com/www/catalog/view/theme/photodays/template/product/category.tpl on line 114
2017-02-10 4:00:49 - PHP Notice:  Undefined index: rating in /home/sayyesph/sayyesphoto.com/www/catalog/view/theme/photodays/template/product/category.tpl on line 119
2017-02-10 4:00:49 - PHP Notice:  Undefined index: tax in /home/sayyesph/sayyesphoto.com/www/catalog/view/theme/photodays/template/product/category.tpl on line 114
2017-02-10 4:00:49 - PHP Notice:  Undefined index: rating in /home/sayyesph/sayyesphoto.com/www/catalog/view/theme/photodays/template/product/category.tpl on line 119
2017-02-10 4:00:49 - PHP Notice:  Undefined index: tax in /home/sayyesph/sayyesphoto.com/www/catalog/view/theme/photodays/template/product/category.tpl on line 114
2017-02-10 4:00:49 - PHP Notice:  Undefined index: rating in /home/sayyesph/sayyesphoto.com/www/catalog/view/theme/photodays/template/product/category.tpl on line 119
2017-02-10 7:03:12 - PHP Notice:  Undefined index: tax in /home/sayyesph/sayyesphoto.com/www/catalog/view/theme/photodays/template/product/category.tpl on line 114
2017-02-10 7:03:12 - PHP Notice:  Undefined index: rating in /home/sayyesph/sayyesphoto.com/www/catalog/view/theme/photodays/template/product/category.tpl on line 119
2017-02-10 7:03:12 - PHP Notice:  Undefined index: tax in /home/sayyesph/sayyesphoto.com/www/catalog/view/theme/photodays/template/product/category.tpl on line 114
2017-02-10 7:03:12 - PHP Notice:  Undefined index: rating in /home/sayyesph/sayyesphoto.com/www/catalog/view/theme/photodays/template/product/category.tpl on line 119
2017-02-10 7:03:12 - PHP Notice:  Undefined index: tax in /home/sayyesph/sayyesphoto.com/www/catalog/view/theme/photodays/template/product/category.tpl on line 114
2017-02-10 7:03:12 - PHP Notice:  Undefined index: rating in /home/sayyesph/sayyesphoto.com/www/catalog/view/theme/photodays/template/product/category.tpl on line 119
2017-02-10 7:03:12 - PHP Notice:  Undefined index: tax in /home/sayyesph/sayyesphoto.com/www/catalog/view/theme/photodays/template/product/category.tpl on line 114
2017-02-10 7:03:12 - PHP Notice:  Undefined index: rating in /home/sayyesph/sayyesphoto.com/www/catalog/view/theme/photodays/template/product/category.tpl on line 119
2017-02-10 7:03:12 - PHP Notice:  Undefined index: tax in /home/sayyesph/sayyesphoto.com/www/catalog/view/theme/photodays/template/product/category.tpl on line 114
2017-02-10 7:03:12 - PHP Notice:  Undefined index: rating in /home/sayyesph/sayyesphoto.com/www/catalog/view/theme/photodays/template/product/category.tpl on line 119
2017-02-10 7:03:12 - PHP Notice:  Undefined index: tax in /home/sayyesph/sayyesphoto.com/www/catalog/view/theme/photodays/template/product/category.tpl on line 114
2017-02-10 7:03:12 - PHP Notice:  Undefined index: rating in /home/sayyesph/sayyesphoto.com/www/catalog/view/theme/photodays/template/product/category.tpl on line 119
2017-02-10 7:03:12 - PHP Notice:  Undefined index: tax in /home/sayyesph/sayyesphoto.com/www/catalog/view/theme/photodays/template/product/category.tpl on line 114
2017-02-10 7:03:12 - PHP Notice:  Undefined index: rating in /home/sayyesph/sayyesphoto.com/www/catalog/view/theme/photodays/template/product/category.tpl on line 119
2017-02-10 7:07:51 - PHP Notice:  Undefined index: tax in /home/sayyesph/sayyesphoto.com/www/catalog/view/theme/photodays/template/product/category.tpl on line 114
2017-02-10 7:07:51 - PHP Notice:  Undefined index: rating in /home/sayyesph/sayyesphoto.com/www/catalog/view/theme/photodays/template/product/category.tpl on line 119
2017-02-10 7:07:51 - PHP Notice:  Undefined index: tax in /home/sayyesph/sayyesphoto.com/www/catalog/view/theme/photodays/template/product/category.tpl on line 114
2017-02-10 7:07:51 - PHP Notice:  Undefined index: rating in /home/sayyesph/sayyesphoto.com/www/catalog/view/theme/photodays/template/product/category.tpl on line 119
2017-02-10 7:07:51 - PHP Notice:  Undefined index: tax in /home/sayyesph/sayyesphoto.com/www/catalog/view/theme/photodays/template/product/category.tpl on line 114
2017-02-10 7:07:51 - PHP Notice:  Undefined index: rating in /home/sayyesph/sayyesphoto.com/www/catalog/view/theme/photodays/template/product/category.tpl on line 119
2017-02-10 7:07:51 - PHP Notice:  Undefined index: tax in /home/sayyesph/sayyesphoto.com/www/catalog/view/theme/photodays/template/product/category.tpl on line 114
2017-02-10 7:07:51 - PHP Notice:  Undefined index: rating in /home/sayyesph/sayyesphoto.com/www/catalog/view/theme/photodays/template/product/category.tpl on line 119
2017-02-10 7:07:51 - PHP Notice:  Undefined index: tax in /home/sayyesph/sayyesphoto.com/www/catalog/view/theme/photodays/template/product/category.tpl on line 114
2017-02-10 7:07:51 - PHP Notice:  Undefined index: rating in /home/sayyesph/sayyesphoto.com/www/catalog/view/theme/photodays/template/product/category.tpl on line 119
2017-02-10 7:07:51 - PHP Notice:  Undefined index: tax in /home/sayyesph/sayyesphoto.com/www/catalog/view/theme/photodays/template/product/category.tpl on line 114
2017-02-10 7:07:51 - PHP Notice:  Undefined index: rating in /home/sayyesph/sayyesphoto.com/www/catalog/view/theme/photodays/template/product/category.tpl on line 119
2017-02-10 7:07:51 - PHP Notice:  Undefined index: tax in /home/sayyesph/sayyesphoto.com/www/catalog/view/theme/photodays/template/product/category.tpl on line 114
2017-02-10 7:07:51 - PHP Notice:  Undefined index: rating in /home/sayyesph/sayyesphoto.com/www/catalog/view/theme/photodays/template/product/category.tpl on line 119
2017-02-10 8:23:04 - PHP Notice:  Undefined index: tax in /home/sayyesph/sayyesphoto.com/www/catalog/view/theme/photodays/template/product/category.tpl on line 114
2017-02-10 8:23:04 - PHP Notice:  Undefined index: rating in /home/sayyesph/sayyesphoto.com/www/catalog/view/theme/photodays/template/product/category.tpl on line 119
2017-02-10 8:23:04 - PHP Notice:  Undefined index: tax in /home/sayyesph/sayyesphoto.com/www/catalog/view/theme/photodays/template/product/category.tpl on line 114
2017-02-10 8:23:04 - PHP Notice:  Undefined index: rating in /home/sayyesph/sayyesphoto.com/www/catalog/view/theme/photodays/template/product/category.tpl on line 119
2017-02-10 8:23:04 - PHP Notice:  Undefined index: tax in /home/sayyesph/sayyesphoto.com/www/catalog/view/theme/photodays/template/product/category.tpl on line 114
2017-02-10 8:23:04 - PHP Notice:  Undefined index: rating in /home/sayyesph/sayyesphoto.com/www/catalog/view/theme/photodays/template/product/category.tpl on line 119
2017-02-10 8:23:04 - PHP Notice:  Undefined index: tax in /home/sayyesph/sayyesphoto.com/www/catalog/view/theme/photodays/template/product/category.tpl on line 114
2017-02-10 8:23:04 - PHP Notice:  Undefined index: rating in /home/sayyesph/sayyesphoto.com/www/catalog/view/theme/photodays/template/product/category.tpl on line 119
2017-02-10 8:23:04 - PHP Notice:  Undefined index: tax in /home/sayyesph/sayyesphoto.com/www/catalog/view/theme/photodays/template/product/category.tpl on line 114
2017-02-10 8:23:04 - PHP Notice:  Undefined index: rating in /home/sayyesph/sayyesphoto.com/www/catalog/view/theme/photodays/template/product/category.tpl on line 119
2017-02-10 8:23:04 - PHP Notice:  Undefined index: tax in /home/sayyesph/sayyesphoto.com/www/catalog/view/theme/photodays/template/product/category.tpl on line 114
2017-02-10 8:23:04 - PHP Notice:  Undefined index: rating in /home/sayyesph/sayyesphoto.com/www/catalog/view/theme/photodays/template/product/category.tpl on line 119
2017-02-10 8:23:04 - PHP Notice:  Undefined index: tax in /home/sayyesph/sayyesphoto.com/www/catalog/view/theme/photodays/template/product/category.tpl on line 114
2017-02-10 8:23:04 - PHP Notice:  Undefined index: rating in /home/sayyesph/sayyesphoto.com/www/catalog/view/theme/photodays/template/product/category.tpl on line 119
2017-02-10 9:33:57 - PHP Notice:  Undefined index: tax in /home/sayyesph/sayyesphoto.com/www/catalog/view/theme/photodays/template/product/category.tpl on line 114
2017-02-10 9:33:57 - PHP Notice:  Undefined index: rating in /home/sayyesph/sayyesphoto.com/www/catalog/view/theme/photodays/template/product/category.tpl on line 119
2017-02-10 9:33:57 - PHP Notice:  Undefined index: tax in /home/sayyesph/sayyesphoto.com/www/catalog/view/theme/photodays/template/product/category.tpl on line 114
2017-02-10 9:33:57 - PHP Notice:  Undefined index: rating in /home/sayyesph/sayyesphoto.com/www/catalog/view/theme/photodays/template/product/category.tpl on line 119
2017-02-10 9:33:57 - PHP Notice:  Undefined index: tax in /home/sayyesph/sayyesphoto.com/www/catalog/view/theme/photodays/template/product/category.tpl on line 114
2017-02-10 9:33:57 - PHP Notice:  Undefined index: rating in /home/sayyesph/sayyesphoto.com/www/catalog/view/theme/photodays/template/product/category.tpl on line 119
2017-02-10 9:33:57 - PHP Notice:  Undefined index: tax in /home/sayyesph/sayyesphoto.com/www/catalog/view/theme/photodays/template/product/category.tpl on line 114
2017-02-10 9:33:57 - PHP Notice:  Undefined index: rating in /home/sayyesph/sayyesphoto.com/www/catalog/view/theme/photodays/template/product/category.tpl on line 119
2017-02-10 9:33:57 - PHP Notice:  Undefined index: tax in /home/sayyesph/sayyesphoto.com/www/catalog/view/theme/photodays/template/product/category.tpl on line 114
2017-02-10 9:33:57 - PHP Notice:  Undefined index: rating in /home/sayyesph/sayyesphoto.com/www/catalog/view/theme/photodays/template/product/category.tpl on line 119
2017-02-10 9:33:57 - PHP Notice:  Undefined index: tax in /home/sayyesph/sayyesphoto.com/www/catalog/view/theme/photodays/template/product/category.tpl on line 114
2017-02-10 9:33:57 - PHP Notice:  Undefined index: rating in /home/sayyesph/sayyesphoto.com/www/catalog/view/theme/photodays/template/product/category.tpl on line 119
2017-02-10 9:33:57 - PHP Notice:  Undefined index: tax in /home/sayyesph/sayyesphoto.com/www/catalog/view/theme/photodays/template/product/category.tpl on line 114
2017-02-10 9:33:57 - PHP Notice:  Undefined index: rating in /home/sayyesph/sayyesphoto.com/www/catalog/view/theme/photodays/template/product/category.tpl on line 119
2017-02-10 9:33:57 - PHP Notice:  Undefined index: tax in /home/sayyesph/sayyesphoto.com/www/catalog/view/theme/photodays/template/product/category.tpl on line 114
2017-02-10 9:33:57 - PHP Notice:  Undefined index: rating in /home/sayyesph/sayyesphoto.com/www/catalog/view/theme/photodays/template/product/category.tpl on line 119
2017-02-10 14:26:13 - PHP Notice:  Undefined index: category_id in /home/sayyesph/sayyesphoto.com/www/vqmod/vqcache/vq2-catalog_controller_product_product.php on line 44
2017-02-10 14:26:26 - PHP Notice:  Undefined index: category_id in /home/sayyesph/sayyesphoto.com/www/vqmod/vqcache/vq2-catalog_controller_product_product.php on line 44
2017-02-10 14:26:26 - PHP Notice:  Undefined index: category_id in /home/sayyesph/sayyesphoto.com/www/vqmod/vqcache/vq2-catalog_controller_product_product.php on line 44
2017-02-10 16:14:44 - PHP Notice:  Undefined index: category_id in /home/sayyesph/sayyesphoto.com/www/vqmod/vqcache/vq2-catalog_controller_product_product.php on line 44
2017-02-10 16:15:00 - PHP Notice:  Undefined index: category_id in /home/sayyesph/sayyesphoto.com/www/vqmod/vqcache/vq2-catalog_controller_product_product.php on line 44
2017-02-10 19:46:40 - PHP Notice:  Undefined index: category_id in /home/sayyesph/sayyesphoto.com/www/vqmod/vqcache/vq2-catalog_controller_product_product.php on line 44
2017-02-10 19:46:41 - PHP Notice:  Undefined index: category_id in /home/sayyesph/sayyesphoto.com/www/vqmod/vqcache/vq2-catalog_controller_product_product.php on line 44
2017-02-10 19:46:41 - PHP Notice:  Undefined index: category_id in /home/sayyesph/sayyesphoto.com/www/vqmod/vqcache/vq2-catalog_controller_product_product.php on line 44
2017-02-10 22:41:19 - PHP Notice:  Undefined index: tax in /home/sayyesph/sayyesphoto.com/www/catalog/view/theme/photodays/template/product/category.tpl on line 114
2017-02-10 22:41:19 - PHP Notice:  Undefined index: rating in /home/sayyesph/sayyesphoto.com/www/catalog/view/theme/photodays/template/product/category.tpl on line 119
2017-02-10 23:31:54 - PHP Notice:  Undefined index: tax in /home/sayyesph/sayyesphoto.com/www/catalog/view/theme/photodays/template/product/category.tpl on line 114
2017-02-10 23:31:54 - PHP Notice:  Undefined index: rating in /home/sayyesph/sayyesphoto.com/www/catalog/view/theme/photodays/template/product/category.tpl on line 119
2017-02-10 23:31:54 - PHP Notice:  Undefined index: tax in /home/sayyesph/sayyesphoto.com/www/catalog/view/theme/photodays/template/product/category.tpl on line 114
2017-02-10 23:31:54 - PHP Notice:  Undefined index: rating in /home/sayyesph/sayyesphoto.com/www/catalog/view/theme/photodays/template/product/category.tpl on line 119
2017-02-10 23:31:54 - PHP Notice:  Undefined index: tax in /home/sayyesph/sayyesphoto.com/www/catalog/view/theme/photodays/template/product/category.tpl on line 114
2017-02-10 23:31:54 - PHP Notice:  Undefined index: rating in /home/sayyesph/sayyesphoto.com/www/catalog/view/theme/photodays/template/product/category.tpl on line 119
2017-02-10 23:31:54 - PHP Notice:  Undefined index: tax in /home/sayyesph/sayyesphoto.com/www/catalog/view/theme/photodays/template/product/category.tpl on line 114
2017-02-10 23:31:54 - PHP Notice:  Undefined index: rating in /home/sayyesph/sayyesphoto.com/www/catalog/view/theme/photodays/template/product/category.tpl on line 119
2017-02-10 23:31:54 - PHP Notice:  Undefined index: tax in /home/sayyesph/sayyesphoto.com/www/catalog/view/theme/photodays/template/product/category.tpl on line 114
2017-02-10 23:31:54 - PHP Notice:  Undefined index: rating in /home/sayyesph/sayyesphoto.com/www/catalog/view/theme/photodays/template/product/category.tpl on line 119
2017-02-10 23:31:54 - PHP Notice:  Undefined index: tax in /home/sayyesph/sayyesphoto.com/www/catalog/view/theme/photodays/template/product/category.tpl on line 114
2017-02-10 23:31:54 - PHP Notice:  Undefined index: rating in /home/sayyesph/sayyesphoto.com/www/catalog/view/theme/photodays/template/product/category.tpl on line 119
2017-02-10 23:31:54 - PHP Notice:  Undefined index: tax in /home/sayyesph/sayyesphoto.com/www/catalog/view/theme/photodays/template/product/category.tpl on line 114
2017-02-10 23:31:54 - PHP Notice:  Undefined index: rating in /home/sayyesph/sayyesphoto.com/www/catalog/view/theme/photodays/template/product/category.tpl on line 119
2017-02-10 23:31:54 - PHP Notice:  Undefined index: tax in /home/sayyesph/sayyesphoto.com/www/catalog/view/theme/photodays/template/product/category.tpl on line 114
2017-02-10 23:31:54 - PHP Notice:  Undefined index: rating in /home/sayyesph/sayyesphoto.com/www/catalog/view/theme/photodays/template/product/category.tpl on line 119
2017-02-11 3:05:10 - PHP Notice:  Undefined index: category_id in /home/sayyesph/sayyesphoto.com/www/vqmod/vqcache/vq2-catalog_controller_product_product.php on line 44
2017-02-11 3:05:10 - PHP Notice:  Undefined index: category_id in /home/sayyesph/sayyesphoto.com/www/vqmod/vqcache/vq2-catalog_controller_product_product.php on line 44
2017-02-11 3:05:21 - PHP Notice:  Undefined index: category_id in /home/sayyesph/sayyesphoto.com/www/vqmod/vqcache/vq2-catalog_controller_product_product.php on line 44
2017-02-11 3:05:21 - PHP Notice:  Undefined index: category_id in /home/sayyesph/sayyesphoto.com/www/vqmod/vqcache/vq2-catalog_controller_product_product.php on line 44
2017-02-11 3:05:22 - PHP Notice:  Undefined index: category_id in /home/sayyesph/sayyesphoto.com/www/vqmod/vqcache/vq2-catalog_controller_product_product.php on line 44
2017-02-11 3:05:22 - PHP Notice:  Undefined index: category_id in /home/sayyesph/sayyesphoto.com/www/vqmod/vqcache/vq2-catalog_controller_product_product.php on line 44
2017-02-11 3:05:22 - PHP Notice:  Undefined index: category_id in /home/sayyesph/sayyesphoto.com/www/vqmod/vqcache/vq2-catalog_controller_product_product.php on line 44
2017-02-11 3:05:22 - PHP Notice:  Undefined index: category_id in /home/sayyesph/sayyesphoto.com/www/vqmod/vqcache/vq2-catalog_controller_product_product.php on line 44
2017-02-11 6:11:45 - PHP Notice:  Undefined index: tax in /home/sayyesph/sayyesphoto.com/www/catalog/view/theme/photodays/template/product/category.tpl on line 114
2017-02-11 6:11:45 - PHP Notice:  Undefined index: rating in /home/sayyesph/sayyesphoto.com/www/catalog/view/theme/photodays/template/product/category.tpl on line 119
2017-02-11 6:11:45 - PHP Notice:  Undefined index: tax in /home/sayyesph/sayyesphoto.com/www/catalog/view/theme/photodays/template/product/category.tpl on line 114
2017-02-11 6:11:45 - PHP Notice:  Undefined index: rating in /home/sayyesph/sayyesphoto.com/www/catalog/view/theme/photodays/template/product/category.tpl on line 119
2017-02-11 6:11:45 - PHP Notice:  Undefined index: tax in /home/sayyesph/sayyesphoto.com/www/catalog/view/theme/photodays/template/product/category.tpl on line 114
2017-02-11 6:11:45 - PHP Notice:  Undefined index: rating in /home/sayyesph/sayyesphoto.com/www/catalog/view/theme/photodays/template/product/category.tpl on line 119
2017-02-11 6:11:45 - PHP Notice:  Undefined index: tax in /home/sayyesph/sayyesphoto.com/www/catalog/view/theme/photodays/template/product/category.tpl on line 114
2017-02-11 6:11:45 - PHP Notice:  Undefined index: rating in /home/sayyesph/sayyesphoto.com/www/catalog/view/theme/photodays/template/product/category.tpl on line 119
2017-02-11 6:11:45 - PHP Notice:  Undefined index: tax in /home/sayyesph/sayyesphoto.com/www/catalog/view/theme/photodays/template/product/category.tpl on line 114
2017-02-11 6:11:45 - PHP Notice:  Undefined index: rating in /home/sayyesph/sayyesphoto.com/www/catalog/view/theme/photodays/template/product/category.tpl on line 119
2017-02-11 6:11:45 - PHP Notice:  Undefined index: tax in /home/sayyesph/sayyesphoto.com/www/catalog/view/theme/photodays/template/product/category.tpl on line 114
2017-02-11 6:11:45 - PHP Notice:  Undefined index: rating in /home/sayyesph/sayyesphoto.com/www/catalog/view/theme/photodays/template/product/category.tpl on line 119
2017-02-11 6:11:45 - PHP Notice:  Undefined index: tax in /home/sayyesph/sayyesphoto.com/www/catalog/view/theme/photodays/template/product/category.tpl on line 114
2017-02-11 6:11:45 - PHP Notice:  Undefined index: rating in /home/sayyesph/sayyesphoto.com/www/catalog/view/theme/photodays/template/product/category.tpl on line 119
2017-02-11 13:48:12 - PHP Notice:  Undefined index: product_id in D:\OpenServer\OpenServer\domains\sayyesphoto.lc\catalog\view\theme\photodays\template\product\product\photodays_product.tpl on line 49
2017-02-11 13:48:34 - PHP Notice:  Undefined index: id in D:\OpenServer\OpenServer\domains\sayyesphoto.lc\catalog\view\theme\photodays\template\product\product\photodays_product.tpl on line 49
2017-02-11 13:49:04 - PHP Notice:  Undefined index: id in D:\OpenServer\OpenServer\domains\sayyesphoto.lc\catalog\view\theme\photodays\template\product\product\photodays_product.tpl on line 50
2017-02-11 13:49:22 - PHP Notice:  Undefined index: id in D:\OpenServer\OpenServer\domains\sayyesphoto.lc\catalog\view\theme\photodays\template\product\product\photodays_product.tpl on line 51
2017-02-11 13:56:21 - PHP Warning:  Cannot modify header information - headers already sent by (output started at D:\OpenServer\OpenServer\domains\sayyesphoto.lc\system\library\db\mpdo.php:9) in D:\OpenServer\OpenServer\domains\sayyesphoto.lc\system\library\response.php on line 12
2017-02-11 14:09:46 - PHP Warning:  Cannot modify header information - headers already sent by (output started at D:\OpenServer\OpenServer\domains\sayyesphoto.lc\system\library\db\mpdo.php:9) in D:\OpenServer\OpenServer\domains\sayyesphoto.lc\system\library\response.php on line 12
2017-02-11 14:11:28 - PHP Warning:  Cannot modify header information - headers already sent by (output started at D:\OpenServer\OpenServer\domains\sayyesphoto.lc\system\library\db\mpdo.php:9) in D:\OpenServer\OpenServer\domains\sayyesphoto.lc\system\library\response.php on line 12
2017-02-11 14:11:36 - PHP Warning:  Cannot modify header information - headers already sent by (output started at D:\OpenServer\OpenServer\domains\sayyesphoto.lc\system\library\db\mpdo.php:9) in D:\OpenServer\OpenServer\domains\sayyesphoto.lc\system\library\response.php on line 12
2017-02-12 0:10:31 - PHP Warning:  Cannot modify header information - headers already sent by (output started at D:\OpenServer\OpenServer\domains\sayyesphono.lc\system\library\db\mpdo.php:9) in D:\OpenServer\OpenServer\domains\sayyesphono.lc\system\library\response.php on line 12
2017-02-12 0:17:33 - PHP Notice:  Undefined index: wishlist in D:\OpenServer\OpenServer\domains\sayyesphono.lc\vqmod\vqcache\vq2-catalog_controller_product_product.php on line 1215
2017-02-12 0:26:44 - PHP Notice:  Undefined variable: wishlist_active in D:\OpenServer\OpenServer\domains\sayyesphono.lc\catalog\view\theme\photodays\template\product\product\photodays_product.tpl on line 49
2017-02-12 0:27:25 - PHP Notice:  Undefined variable: wishlist_active in D:\OpenServer\OpenServer\domains\sayyesphono.lc\catalog\view\theme\photodays\template\product\product\photodays_product.tpl on line 49
2017-02-12 0:28:00 - PHP Notice:  Undefined variable: wishlist_active in D:\OpenServer\OpenServer\domains\sayyesphono.lc\catalog\view\theme\photodays\template\product\product\photodays_product.tpl on line 49
2017-02-12 0:30:20 - PHP Notice:  Undefined variable: wishlist_active in D:\OpenServer\OpenServer\domains\sayyesphono.lc\catalog\view\theme\photodays\template\product\product\photodays_product.tpl on line 49
2017-02-12 0:30:51 - PHP Notice:  Undefined variable: wishlist_active in D:\OpenServer\OpenServer\domains\sayyesphono.lc\catalog\view\theme\photodays\template\product\product\photodays_product.tpl on line 49
2017-02-12 0:31:32 - PHP Notice:  Undefined variable: wishlist_active in D:\OpenServer\OpenServer\domains\sayyesphono.lc\catalog\view\theme\photodays\template\product\product\photodays_product.tpl on line 49
